error: cannot open /home/jjvv/Escritorio/webook/tmp/main.pdf: No existe el fichero o el directorio
error: could not open document

error: cannot open /home/jjvv/Escritorio/webook/tmp/main.pdf: No existe el fichero o el directorio
error: could not open document

error: cannot open /home/jjvv/Escritorio/webook/tmp/main.pdf: No existe el fichero o el directorio
error: could not open document

error: cannot open /home/jjvv/Escritorio/webook/tmp/main.pdf: No existe el fichero o el directorio
error: could not open document

error: cannot find startxref
warning: trying to repair broken xref
warning: repairing PDF document
warning: object missing 'endobj' token
warning: ignoring object with invalid object number (5 1 R)
warning: ignoring object with invalid object number (27 2 R)
warning: ignoring object with invalid object number (6 3 R)
warning: ignoring object with invalid object number (134 4 R)
warning: ignoring object with invalid object number (9 5 R)
warning: ignoring object with invalid object number (164 6 R)
warning: ignoring object with invalid object number (10 7 R)
warning: ignoring object with invalid object number (337 8 R)
warning: ignoring object with invalid object number (13 9 R)
warning: ignoring object with invalid object number (367 10 R)
warning: ignoring object with invalid object number (14 11 R)
warning: ignoring object with invalid object number (497 12 R)
warning: ignoring object with invalid object number (17 13 R)
warning: ignoring object with invalid object number (527 14 R)
warning: ignoring object with invalid object number (18 15 R)
warning: ignoring object with invalid object number (756 16 R)
warning: ignoring object with invalid object number (21 17 R)
warning: ignoring object with invalid object number (783 18 R)
warning: ignoring object with invalid object number (22 19 R)
warning: ignoring object with invalid object number (900 20 R)
warning: ignoring object with invalid object number (25 21 R)
warning: ignoring object with invalid object number (930 22 R)
warning: ignoring object with invalid object number (26 23 R)
warning: ignoring object with invalid object number (1126 24 R)
warning: ignoring object with invalid object number (29 25 R)
warning: ignoring object with invalid object number (1156 26 R)
warning: ignoring object with invalid object number (30 27 R)
warning: ignoring object with invalid object number (1291 28 R)
warning: ignoring object with invalid object number (33 29 R)
warning: ignoring object with invalid object number (1321 30 R)
warning: ignoring object with invalid object number (34 31 R)
warning: ignoring object with invalid object number (1477 32 R)
warning: ignoring object with invalid object number (37 33 R)
warning: ignoring object with invalid object number (1504 34 R)
warning: ignoring object with invalid object number (38 35 R)
warning: ignoring object with invalid object number (1621 36 R)
warning: ignoring object with invalid object number (41 37 R)
warning: ignoring object with invalid object number (1651 38 R)
warning: ignoring object with invalid object number (42 39 R)
warning: ignoring object with invalid object number (1844 40 R)
warning: ignoring object with invalid object number (45 41 R)
warning: ignoring object with invalid object number (1874 42 R)
warning: ignoring object with invalid object number (46 43 R)
warning: ignoring object with invalid object number (2078 44 R)
warning: ignoring object with invalid object number (49 45 R)
warning: ignoring object with invalid object number (2108 46 R)
warning: ignoring object with invalid object number (50 47 R)
warning: ignoring object with invalid object number (2301 48 R)
warning: ignoring object with invalid object number (53 49 R)
warning: ignoring object with invalid object number (2332 50 R)
warning: ignoring object with invalid object number (54 51 R)
warning: ignoring object with invalid object number (2467 52 R)
warning: ignoring object with invalid object number (57 53 R)
warning: ignoring object with invalid object number (2494 54 R)
warning: ignoring object with invalid object number (58 55 R)
warning: ignoring object with invalid object number (2606 56 R)
warning: ignoring object with invalid object number (61 57 R)
warning: ignoring object with invalid object number (2637 58 R)
warning: ignoring object with invalid object number (62 59 R)
warning: ignoring object with invalid object number (2745 60 R)
warning: ignoring object with invalid object number (65 61 R)
warning: ignoring object with invalid object number (2776 62 R)
warning: ignoring object with invalid object number (66 63 R)
warning: ignoring object with invalid object number (2961 64 R)
warning: ignoring object with invalid object number (69 65 R)
warning: ignoring object with invalid object number (2992 66 R)
warning: ignoring object with invalid object number (70 67 R)
warning: ignoring object with invalid object number (3112 68 R)
warning: ignoring object with invalid object number (73 69 R)
warning: ignoring object with invalid object number (3139 70 R)
warning: ignoring object with invalid object number (74 71 R)
warning: ignoring object with invalid object number (3246 72 R)
warning: ignoring object with invalid object number (77 73 R)
warning: ignoring object with invalid object number (3277 74 R)
warning: ignoring object with invalid object number (78 75 R)
warning: ignoring object with invalid object number (3447 76 R)
warning: ignoring object with invalid object number (81 77 R)
warning: ignoring object with invalid object number (3478 78 R)
warning: ignoring object with invalid object number (82 79 R)
warning: ignoring object with invalid object number (3578 80 R)
warning: ignoring object with invalid object number (85 81 R)
warning: ignoring object with invalid object number (3611 82 R)
warning: ignoring object with invalid object number (86 83 R)
warning: ignoring object with invalid object number (3725 84 R)
warning: ignoring object with invalid object number (89 85 R)
warning: ignoring object with invalid object number (3756 86 R)
warning: ignoring object with invalid object number (90 87 R)
warning: ignoring object with invalid object number (3881 88 R)
warning: ignoring object with invalid object number (93 89 R)
warning: ignoring object with invalid object number (3908 90 R)
warning: ignoring object with invalid object number (94 91 R)
warning: ignoring object with invalid object number (4015 92 R)
warning: ignoring object with invalid object number (97 93 R)
warning: ignoring object with invalid object number (4046 94 R)
warning: ignoring object with invalid object number (98 95 R)
warning: ignoring object with invalid object number (4161 96 R)
warning: ignoring object with invalid object number (101 97 R)
warning: ignoring object with invalid object number (4192 98 R)
warning: ignoring object with invalid object number (102 99 R)
warning: object stream object out of range, skipping
warning: ... repeated 99 times...
error: expected object number
warning: repairing PDF document
error: expected object number
warning: repairing PDF document
error: object is not a stream
warning: cannot load object (805 0 R) into cache
error: object is not a stream
warning: cannot load object (805 0 R) into cache
error: expected object number
warning: repairing PDF document
error: object is not a stream
warning: cannot load object (805 0 R) into cache
error: expected object number
warning: repairing PDF document
error: object is not a stream
warning: cannot load object (805 0 R) into cache
error: cannot open /home/jjvv/Escritorio/webook/tmp/main.pdf: No existe el fichero o el directorio
error: could not open document

error: cannot open /home/jjvv/Escritorio/webook/tmp/main.pdf: No existe el fichero o el directorio
error: could not open document

error: cannot open /home/jjvv/Escritorio/webook/tmp/main.pdf: No existe el fichero o el directorio
error: could not open document

error: cannot open /home/jjvv/Escritorio/webook/tmp/main.pdf: No existe el fichero o el directorio
error: could not open document

error: cannot open /home/jjvv/Escritorio/webook/tmp/main.pdf: No existe el fichero o el directorio
error: could not open document

error: Unable to initialize database. Bookmarks won't be available.
